<?xml version="1.0" encoding="UTF-8"?>
<coverage generated="1576185060945" clover="3.2.0">
  <project timestamp="1576185060945" name="All files">
    <metrics statements="24" coveredstatements="24" conditionals="6" coveredconditionals="6" methods="15" coveredmethods="15" elements="45" coveredelements="45" complexity="0" loc="24" ncloc="24" packages="2" files="5" classes="5"/>
    <package name="common-functions">
      <metrics statements="5" coveredstatements="5" conditionals="0" coveredconditionals="0" methods="0" coveredmethods="0"/>
      <file name="index.js" path="/home/gabriel/workspace/common-functions/index.js">
        <metrics statements="5" coveredstatements="5" conditionals="0" coveredconditionals="0" methods="0" coveredmethods="0"/>
        <line num="1" count="4" type="stmt"/>
        <line num="2" count="4" type="stmt"/>
        <line num="3" count="4" type="stmt"/>
        <line num="4" count="4" type="stmt"/>
        <line num="6" count="4" type="stmt"/>
      </file>
    </package>
    <package name="common-functions.src">
      <metrics statements="19" coveredstatements="19" conditionals="6" coveredconditionals="6" methods="15" coveredmethods="15"/>
      <file name="compose.js" path="/home/gabriel/workspace/common-functions/src/compose.js">
        <metrics statements="2" coveredstatements="2" conditionals="0" coveredconditionals="0" methods="3" coveredmethods="3"/>
        <line num="8" count="4" type="stmt"/>
        <line num="10" count="4" type="stmt"/>
      </file>
      <file name="get-unique-values.js" path="/home/gabriel/workspace/common-functions/src/get-unique-values.js">
        <metrics statements="2" coveredstatements="2" conditionals="0" coveredconditionals="0" methods="2" coveredmethods="2"/>
        <line num="7" count="71" type="stmt"/>
        <line num="9" count="4" type="stmt"/>
      </file>
      <file name="reverse-array.js" path="/home/gabriel/workspace/common-functions/src/reverse-array.js">
        <metrics statements="2" coveredstatements="2" conditionals="0" coveredconditionals="0" methods="2" coveredmethods="2"/>
        <line num="7" count="4" type="stmt"/>
        <line num="9" count="4" type="stmt"/>
      </file>
      <file name="validate-cpf.js" path="/home/gabriel/workspace/common-functions/src/validate-cpf.js">
        <metrics statements="13" coveredstatements="13" conditionals="6" coveredconditionals="6" methods="8" coveredmethods="8"/>
        <line num="1" count="4" type="stmt"/>
        <line num="9" count="76" type="stmt"/>
        <line num="18" count="8" type="cond" truecount="2" falsecount="0"/>
        <line num="26" count="8" type="stmt"/>
        <line num="34" count="4" type="stmt"/>
        <line num="35" count="5" type="stmt"/>
        <line num="36" count="5" type="cond" truecount="4" falsecount="0"/>
        <line num="37" count="1" type="stmt"/>
        <line num="39" count="44" type="stmt"/>
        <line num="40" count="4" type="stmt"/>
        <line num="41" count="4" type="stmt"/>
        <line num="43" count="44" type="stmt"/>
        <line num="46" count="4" type="stmt"/>
      </file>
    </package>
  </project>
</coverage>
