{"/home/gabriel/workspace/common-functions/index.js": {"path":"/home/gabriel/workspace/common-functions/index.js","statementMap":{"0":{"start":{"line":1,"column":16},"end":{"line":1,"column":43}},"1":{"start":{"line":2,"column":24},"end":{"line":2,"column":61}},"2":{"start":{"line":3,"column":21},"end":{"line":3,"column":54}},"3":{"start":{"line":4,"column":20},"end":{"line":4,"column":52}},"4":{"start":{"line":6,"column":0},"end":{"line":11,"column":1}}},"fnMap":{},"branchMap":{},"s":{"0":4,"1":4,"2":4,"3":4,"4":4},"f":{},"b":{},"_coverageSchema":"43e27e138ebf9cfc5966b082cf9a028302ed4184","hash":"ecf7c6cde3e4cd326694e181934ed8a37704a1ed"}
,"/home/gabriel/workspace/common-functions/src/compose.js": {"path":"/home/gabriel/workspace/common-functions/src/compose.js","statementMap":{"0":{"start":{"line":8,"column":16},"end":{"line":8,"column":70}},"1":{"start":{"line":8,"column":28},"end":{"line":8,"column":70}},"2":{"start":{"line":8,"column":49},"end":{"line":8,"column":69}},"3":{"start":{"line":8,"column":59},"end":{"line":8,"column":69}},"4":{"start":{"line":10,"column":0},"end":{"line":10,"column":24}}},"fnMap":{"0":{"name":"(anonymous_0)","decl":{"start":{"line":8,"column":16},"end":{"line":8,"column":17}},"loc":{"start":{"line":8,"column":28},"end":{"line":8,"column":70}},"line":8},"1":{"name":"(anonymous_1)","decl":{"start":{"line":8,"column":39},"end":{"line":8,"column":40}},"loc":{"start":{"line":8,"column":49},"end":{"line":8,"column":69}},"line":8},"2":{"name":"(anonymous_2)","decl":{"start":{"line":8,"column":49},"end":{"line":8,"column":50}},"loc":{"start":{"line":8,"column":59},"end":{"line":8,"column":69}},"line":8}},"branchMap":{},"s":{"0":4,"1":3,"2":3,"3":3,"4":4},"f":{"0":3,"1":3,"2":3},"b":{},"_coverageSchema":"43e27e138ebf9cfc5966b082cf9a028302ed4184","hash":"f8e79beeec12e1a76b48075ec9927631f6b8bdd9"}
,"/home/gabriel/workspace/common-functions/src/get-unique-values.js": {"path":"/home/gabriel/workspace/common-functions/src/get-unique-values.js","statementMap":{"0":{"start":{"line":7,"column":24},"end":{"line":7,"column":100}},"1":{"start":{"line":7,"column":33},"end":{"line":7,"column":100}},"2":{"start":{"line":7,"column":70},"end":{"line":7,"column":99}},"3":{"start":{"line":9,"column":0},"end":{"line":9,"column":32}}},"fnMap":{"0":{"name":"(anonymous_0)","decl":{"start":{"line":7,"column":24},"end":{"line":7,"column":25}},"loc":{"start":{"line":7,"column":33},"end":{"line":7,"column":100}},"line":7},"1":{"name":"(anonymous_1)","decl":{"start":{"line":7,"column":46},"end":{"line":7,"column":47}},"loc":{"start":{"line":7,"column":70},"end":{"line":7,"column":99}},"line":7}},"branchMap":{},"s":{"0":4,"1":7,"2":71,"3":4},"f":{"0":7,"1":71},"b":{},"_coverageSchema":"43e27e138ebf9cfc5966b082cf9a028302ed4184","hash":"b0727fae2f0d1e867918b00a4bda15676b4e600f"}
,"/home/gabriel/workspace/common-functions/src/reverse-array.js": {"path":"/home/gabriel/workspace/common-functions/src/reverse-array.js","statementMap":{"0":{"start":{"line":7,"column":21},"end":{"line":7,"column":82}},"1":{"start":{"line":7,"column":30},"end":{"line":7,"column":82}},"2":{"start":{"line":7,"column":52},"end":{"line":7,"column":81}},"3":{"start":{"line":9,"column":0},"end":{"line":9,"column":29}}},"fnMap":{"0":{"name":"(anonymous_0)","decl":{"start":{"line":7,"column":21},"end":{"line":7,"column":22}},"loc":{"start":{"line":7,"column":30},"end":{"line":7,"column":82}},"line":7},"1":{"name":"(anonymous_1)","decl":{"start":{"line":7,"column":40},"end":{"line":7,"column":41}},"loc":{"start":{"line":7,"column":52},"end":{"line":7,"column":81}},"line":7}},"branchMap":{},"s":{"0":4,"1":1,"2":3,"3":4},"f":{"0":1,"1":3},"b":{},"_coverageSchema":"43e27e138ebf9cfc5966b082cf9a028302ed4184","hash":"dc76725c4d6eba2e9b0a5d9b8621e621d94e0ab0"}
,"/home/gabriel/workspace/common-functions/src/validate-cpf.js": {"path":"/home/gabriel/workspace/common-functions/src/validate-cpf.js","statementMap":{"0":{"start":{"line":1,"column":24},"end":{"line":1,"column":57}},"1":{"start":{"line":9,"column":21},"end":{"line":9,"column":135}},"2":{"start":{"line":9,"column":31},"end":{"line":9,"column":135}},"3":{"start":{"line":9,"column":72},"end":{"line":9,"column":100}},"4":{"start":{"line":9,"column":124},"end":{"line":9,"column":134}},"5":{"start":{"line":18,"column":26},"end":{"line":18,"column":65}},"6":{"start":{"line":18,"column":33},"end":{"line":18,"column":65}},"7":{"start":{"line":26,"column":17},"end":{"line":26,"column":74}},"8":{"start":{"line":26,"column":31},"end":{"line":26,"column":74}},"9":{"start":{"line":34,"column":20},"end":{"line":44,"column":1}},"10":{"start":{"line":35,"column":19},"end":{"line":35,"column":63}},"11":{"start":{"line":36,"column":2},"end":{"line":38,"column":3}},"12":{"start":{"line":37,"column":4},"end":{"line":37,"column":16}},"13":{"start":{"line":39,"column":21},"end":{"line":39,"column":53}},"14":{"start":{"line":39,"column":47},"end":{"line":39,"column":52}},"15":{"start":{"line":40,"column":21},"end":{"line":40,"column":41}},"16":{"start":{"line":41,"column":22},"end":{"line":41,"column":59}},"17":{"start":{"line":43,"column":2},"end":{"line":43,"column":90}},"18":{"start":{"line":43,"column":74},"end":{"line":43,"column":80}},"19":{"start":{"line":46,"column":0},"end":{"line":46,"column":28}}},"fnMap":{"0":{"name":"(anonymous_0)","decl":{"start":{"line":9,"column":21},"end":{"line":9,"column":22}},"loc":{"start":{"line":9,"column":31},"end":{"line":9,"column":135}},"line":9},"1":{"name":"(anonymous_1)","decl":{"start":{"line":9,"column":42},"end":{"line":9,"column":43}},"loc":{"start":{"line":9,"column":72},"end":{"line":9,"column":100}},"line":9},"2":{"name":"(anonymous_2)","decl":{"start":{"line":9,"column":109},"end":{"line":9,"column":110}},"loc":{"start":{"line":9,"column":124},"end":{"line":9,"column":134}},"line":9},"3":{"name":"(anonymous_3)","decl":{"start":{"line":18,"column":26},"end":{"line":18,"column":27}},"loc":{"start":{"line":18,"column":33},"end":{"line":18,"column":65}},"line":18},"4":{"name":"(anonymous_4)","decl":{"start":{"line":26,"column":17},"end":{"line":26,"column":18}},"loc":{"start":{"line":26,"column":31},"end":{"line":26,"column":74}},"line":26},"5":{"name":"(anonymous_5)","decl":{"start":{"line":34,"column":20},"end":{"line":34,"column":21}},"loc":{"start":{"line":34,"column":27},"end":{"line":44,"column":1}},"line":34},"6":{"name":"(anonymous_6)","decl":{"start":{"line":39,"column":37},"end":{"line":39,"column":38}},"loc":{"start":{"line":39,"column":47},"end":{"line":39,"column":52}},"line":39},"7":{"name":"(anonymous_7)","decl":{"start":{"line":43,"column":64},"end":{"line":43,"column":65}},"loc":{"start":{"line":43,"column":74},"end":{"line":43,"column":80}},"line":43}},"branchMap":{"0":{"loc":{"start":{"line":18,"column":33},"end":{"line":18,"column":65}},"type":"cond-expr","locations":[{"start":{"line":18,"column":48},"end":{"line":18,"column":49}},{"start":{"line":18,"column":52},"end":{"line":18,"column":65}}],"line":18},"1":{"loc":{"start":{"line":36,"column":2},"end":{"line":38,"column":3}},"type":"if","locations":[{"start":{"line":36,"column":2},"end":{"line":38,"column":3}},{"start":{"line":36,"column":2},"end":{"line":38,"column":3}}],"line":36},"2":{"loc":{"start":{"line":36,"column":6},"end":{"line":36,"column":70}},"type":"binary-expr","locations":[{"start":{"line":36,"column":6},"end":{"line":36,"column":28}},{"start":{"line":36,"column":32},"end":{"line":36,"column":70}}],"line":36}},"s":{"0":4,"1":4,"2":8,"3":76,"4":68,"5":4,"6":8,"7":4,"8":8,"9":4,"10":5,"11":5,"12":1,"13":4,"14":44,"15":4,"16":4,"17":4,"18":44,"19":4},"f":{"0":8,"1":76,"2":68,"3":8,"4":8,"5":5,"6":44,"7":44},"b":{"0":[1,7],"1":[1,4],"2":[5,5]},"_coverageSchema":"43e27e138ebf9cfc5966b082cf9a028302ed4184","hash":"53128b8280ee024c45a72336d802ce20c1fc1241"}
}
