TN:
SF:/home/gabriel/workspace/common-functions/index.js
FNF:0
FNH:0
DA:1,4
DA:2,4
DA:3,4
DA:4,4
DA:6,4
LF:5
LH:5
BRF:0
BRH:0
end_of_record
TN:
SF:/home/gabriel/workspace/common-functions/src/compose.js
FN:8,(anonymous_0)
FN:8,(anonymous_1)
FN:8,(anonymous_2)
FNF:3
FNH:3
FNDA:3,(anonymous_0)
FNDA:3,(anonymous_1)
FNDA:3,(anonymous_2)
DA:8,4
DA:10,4
LF:2
LH:2
BRF:0
BRH:0
end_of_record
TN:
SF:/home/gabriel/workspace/common-functions/src/get-unique-values.js
FN:7,(anonymous_0)
FN:7,(anonymous_1)
FNF:2
FNH:2
FNDA:7,(anonymous_0)
FNDA:71,(anonymous_1)
DA:7,71
DA:9,4
LF:2
LH:2
BRF:0
BRH:0
end_of_record
TN:
SF:/home/gabriel/workspace/common-functions/src/reverse-array.js
FN:7,(anonymous_0)
FN:7,(anonymous_1)
FNF:2
FNH:2
FNDA:1,(anonymous_0)
FNDA:3,(anonymous_1)
DA:7,4
DA:9,4
LF:2
LH:2
BRF:0
BRH:0
end_of_record
TN:
SF:/home/gabriel/workspace/common-functions/src/validate-cpf.js
FN:9,(anonymous_0)
FN:9,(anonymous_1)
FN:9,(anonymous_2)
FN:18,(anonymous_3)
FN:26,(anonymous_4)
FN:34,(anonymous_5)
FN:39,(anonymous_6)
FN:43,(anonymous_7)
FNF:8
FNH:8
FNDA:8,(anonymous_0)
FNDA:76,(anonymous_1)
FNDA:68,(anonymous_2)
FNDA:8,(anonymous_3)
FNDA:8,(anonymous_4)
FNDA:5,(anonymous_5)
FNDA:44,(anonymous_6)
FNDA:44,(anonymous_7)
DA:1,4
DA:9,76
DA:18,8
DA:26,8
DA:34,4
DA:35,5
DA:36,5
DA:37,1
DA:39,44
DA:40,4
DA:41,4
DA:43,44
DA:46,4
LF:13
LH:13
BRDA:18,0,0,1
BRDA:18,0,1,7
BRDA:36,1,0,1
BRDA:36,1,1,4
BRDA:36,2,0,5
BRDA:36,2,1,5
BRF:6
BRH:6
end_of_record
